<?xml version="1.0" encoding="UTF-8"?>
<!-- Generated by org.testng.reporters.JUnitReportReporter -->
<testsuite skipped="0" hostname="Tarun-PC" name="com.org.learningMaven.PracticeGit_Jenkins_Maven.Sample" tests="1" failures="0" timestamp="30 Aug 2017 18:47:56 GMT" time="43.688" errors="0">
  <testcase name="getPractive" time="43.688" classname="com.org.learningMaven.PracticeGit_Jenkins_Maven.Sample"/>
</testsuite> <!-- com.org.learningMaven.PracticeGit_Jenkins_Maven.Sample -->
